{"numFailedTestSuites":0,"numFailedTests":0,"numPassedTestSuites":3,"numPassedTests":14,"numPendingTestSuites":0,"numPendingTests":0,"numRuntimeErrorTestSuites":0,"numTodoTests":0,"numTotalTestSuites":3,"numTotalTests":14,"openHandles":[],"snapshot":{"added":0,"didUpdate":false,"failure":false,"filesAdded":0,"filesRemoved":0,"filesRemovedList":[],"filesUnmatched":0,"filesUpdated":0,"matched":0,"total":0,"unchecked":0,"uncheckedKeysByFile":[],"unmatched":0,"updated":0},"startTime":1786995390467,"success":true,"testResults":[{"assertionResults":[{"ancestorTitles":["URL Controller & Routes (/api/urls)"],"duration":112,"failing":false,"failureDetails":[],"failureMessages":[],"fullName":"URL Controller & Routes (/api/urls) POST /api/urls - should return 401 if unauthenticated","invocations":1,"location":null,"numPassingAsserts":1,"retryReasons":[],"startAt":1786995395170,"status":"passed","title":"POST /api/urls - should return 401 if unauthenticated"},{"ancestorTitles":["URL Controller & Routes (/api/urls)"],"duration":290,"failing":false,"failureDetails":[],"failureMessages":[],"fullName":"URL Controller & Routes (/api/urls) POST /api/urls - should create a short URL when authenticated","invocations":1,"location":null,"numPassingAsserts":4,"retryReasons":[],"startAt":1786995395283,"status":"passed","title":"POST /api/urls - should create a short URL when authenticated"},{"ancestorTitles":["URL Controller & Routes (/api/urls)"],"duration":8,"failing":false,"failureDetails":[],"failureMessages":[],"fullName":"URL Controller & Routes (/api/urls) POST /api/urls - should fail when destination URL is missing","invocations":1,"location":null,"numPassingAsserts":2,"retryReasons":[],"startAt":1786995395573,"status":"passed","title":"POST /api/urls - should fail when destination URL is missing"},{"ancestorTitles":["URL Controller & Routes (/api/urls)"],"duration":192,"failing":false,"failureDetails":[],"failureMessages":[],"fullName":"URL Controller & Routes (/api/urls) GET /api/urls - should return user's URLs","invocations":1,"location":null,"numPassingAsserts":4,"retryReasons":[],"startAt":1786995395582,"status":"passed","title":"GET /api/urls - should return user's URLs"},{"ancestorTitles":["URL Controller & Routes (/api/urls)"],"duration":206,"failing":false,"failureDetails":[],"failureMessages":[],"fullName":"URL Controller & Routes (/api/urls) PATCH /api/urls/:shortCode/toggle - should toggle URL active status","invocations":1,"location":null,"numPassingAsserts":2,"retryReasons":[],"startAt":1786995395775,"status":"passed","title":"PATCH /api/urls/:shortCode/toggle - should toggle URL active status"},{"ancestorTitles":["URL Controller & Routes (/api/urls)"],"duration":215,"failing":false,"failureDetails":[],"failureMessages":[],"fullName":"URL Controller & Routes (/api/urls) DELETE /api/urls/:shortCode - should delete a URL","invocations":1,"location":null,"numPassingAsserts":2,"retryReasons":[],"startAt":1786995395981,"status":"passed","title":"DELETE /api/urls/:shortCode - should delete a URL"},{"ancestorTitles":["URL Controller & Routes (/api/urls)"],"duration":18,"failing":false,"failureDetails":[],"failureMessages":[],"fullName":"URL Controller & Routes (/api/urls) GET / - Health check endpoint","invocations":1,"location":null,"numPassingAsserts":2,"retryReasons":[],"startAt":1786995396197,"status":"passed","title":"GET / - Health check endpoint"}],"endTime":1786995396520,"message":"","name":"D:\\Proto_Project\\Curtio\\Curtio-Backend\\tests\\url.test.js","startTime":1786995391265,"status":"passed","summary":""},{"assertionResults":[{"ancestorTitles":["POST /api/auth/register"],"duration":3683,"failing":false,"failureDetails":[],"failureMessages":[],"fullName":"POST /api/auth/register should register a new user successfully","invocations":1,"location":null,"numPassingAsserts":3,"retryReasons":[],"startAt":1786995394732,"status":"passed","title":"should register a new user successfully"},{"ancestorTitles":["POST /api/auth/register"],"duration":250,"failing":false,"failureDetails":[],"failureMessages":[],"fullName":"POST /api/auth/register should fail registration if email is already registered and verified (returns 409)","invocations":1,"location":null,"numPassingAsserts":3,"retryReasons":[],"startAt":1786995398418,"status":"passed","title":"should fail registration if email is already registered and verified (returns 409)"},{"ancestorTitles":["POST /api/auth/register"],"duration":17,"failing":false,"failureDetails":[],"failureMessages":[],"fullName":"POST /api/auth/register should return 400 when missing required fields","invocations":1,"location":null,"numPassingAsserts":2,"retryReasons":[],"startAt":1786995398669,"status":"passed","title":"should return 400 when missing required fields"}],"endTime":1786995399001,"message":"","name":"D:\\Proto_Project\\Curtio\\Curtio-Backend\\tests\\register.test.js","startTime":1786995391268,"status":"passed","summary":""},{"assertionResults":[{"ancestorTitles":["POST /api/auth/login"],"duration":756,"failing":false,"failureDetails":[],"failureMessages":[],"fullName":"POST /api/auth/login should fail login when password is wrong (returns 401)","invocations":1,"location":null,"numPassingAsserts":3,"retryReasons":[],"startAt":1786995402068,"status":"passed","title":"should fail login when password is wrong (returns 401)"},{"ancestorTitles":["POST /api/auth/login"],"duration":106,"failing":false,"failureDetails":[],"failureMessages":[],"fullName":"POST /api/auth/login should fail login when email is not verified (returns 403)","invocations":1,"location":null,"numPassingAsserts":3,"retryReasons":[],"startAt":1786995402824,"status":"passed","title":"should fail login when email is not verified (returns 403)"},{"ancestorTitles":["POST /api/auth/login"],"duration":18,"failing":false,"failureDetails":[],"failureMessages":[],"fullName":"POST /api/auth/login should fail login when required fields are missing (returns 400)","invocations":1,"location":null,"numPassingAsserts":2,"retryReasons":[],"startAt":1786995402931,"status":"passed","title":"should fail login when required fields are missing (returns 400)"},{"ancestorTitles":["POST /api/auth/login"],"duration":780,"failing":false,"failureDetails":[],"failureMessages":[],"fullName":"POST /api/auth/login should login successfully with correct registered credentials (returns 200)","invocations":1,"location":null,"numPassingAsserts":5,"retryReasons":[],"startAt":1786995402950,"status":"passed","title":"should login successfully with correct registered credentials (returns 200)"}],"endTime":1786995403990,"message":"","name":"D:\\Proto_Project\\Curtio\\Curtio-Backend\\tests\\login.test.js","startTime":1786995391257,"status":"passed","summary":""}],"wasInterrupted":false}
